\BOOKMARK [1][-]{section.1}{\376\377\000T\000e\000o\000r\000e\000m\000i\000\040\000D\000i\000s\000p\000e\000n\000s\000a\000\040\0002}{}% 1
\BOOKMARK [2][-]{subsection.1.1}{\376\377\000T\000e\000o\000r\000e\000m\000a\000\040\000a\000\040\000p\000a\000g\000.\000\040\0005}{section.1}% 2
\BOOKMARK [1][-]{section.2}{\376\377\000T\000e\000o\000r\000e\000m\000i\000\040\000D\000i\000s\000p\000e\000n\000s\000a\000\040\0003}{}% 3
\BOOKMARK [2][-]{subsection.2.1}{\376\377\000T\000e\000o\000r\000e\000m\000a\000\040\000a\000\040\000p\000a\000g\000.\000\040\0003}{section.2}% 4
\BOOKMARK [2][-]{subsection.2.2}{\376\377\000T\000e\000o\000r\000e\000m\000a\000\040\000a\000\040\000p\000a\000g\000.\000\040\0004}{section.2}% 5
\BOOKMARK [2][-]{subsection.2.3}{\376\377\000T\000e\000o\000r\000e\000m\000a\000\040\000a\000\040\000p\000a\000g\000.\000\040\0005}{section.2}% 6
\BOOKMARK [2][-]{subsection.2.4}{\376\377\000T\000e\000o\000r\000e\000m\000a\000\040\000a\000\040\000p\000a\000g\000.\000\040\0005}{section.2}% 7
\BOOKMARK [2][-]{subsection.2.5}{\376\377\000T\000e\000o\000r\000e\000m\000a\000\040\000a\000\040\000p\000a\000g\000.\000\040\0007}{section.2}% 8
\BOOKMARK [2][-]{subsection.2.6}{\376\377\000T\000e\000o\000r\000e\000m\000a\000\040\000a\000\040\000p\000a\000g\000.\000\040\0009}{section.2}% 9
\BOOKMARK [1][-]{section.3}{\376\377\000T\000e\000o\000r\000e\000m\000i\000\040\000D\000i\000s\000p\000e\000n\000s\000a\000\040\0005}{}% 10
\BOOKMARK [2][-]{subsection.3.1}{\376\377\000T\000e\000o\000r\000e\000m\000a\000\040\000a\000\040\000p\000a\000g\000.\000\040\0002}{section.3}% 11
\BOOKMARK [2][-]{subsection.3.2}{\376\377\000T\000e\000o\000r\000e\000m\000a\000\040\000a\000\040\000p\000a\000g\000.\000\040\0004\000\040\000\050\000H\000a\000l\000t\000i\000n\000g\000\040\000P\000r\000o\000b\000l\000e\000m\000\051}{section.3}% 12
\BOOKMARK [2][-]{subsection.3.3}{\376\377\000T\000e\000o\000r\000e\000m\000a\000\040\000a\000\040\000p\000a\000g\000.\000\040\0004\000\040\000\050\000H\000a\000l\000t\000i\000n\000g\000\040\000P\000r\000o\000b\000l\000e\000m\000\051}{section.3}% 13
\BOOKMARK [2][-]{subsection.3.4}{\376\377\000T\000e\000o\000r\000e\000m\000a\000\040\000a\000\040\000p\000a\000g\000.\000\040\0006}{section.3}% 14
\BOOKMARK [2][-]{subsection.3.5}{\376\377\000T\000e\000o\000r\000e\000m\000a\000\040\000a\000\040\000p\000a\000g\000.\000\040\0006}{section.3}% 15
\BOOKMARK [1][-]{section.4}{\376\377\000T\000e\000o\000r\000e\000m\000i\000\040\000D\000i\000s\000p\000e\000n\000s\000a\000\040\0006}{}% 16
\BOOKMARK [2][-]{subsection.4.1}{\376\377\000T\000e\000o\000r\000e\000m\000a\000\040\000a\000\040\000p\000a\000g\000.\000\040\0003}{section.4}% 17
\BOOKMARK [2][-]{subsection.4.2}{\376\377\000T\000e\000o\000r\000e\000m\000a\000\040\000a\000\040\000p\000a\000g\000.\000\040\0004}{section.4}% 18
\BOOKMARK [2][-]{subsection.4.3}{\376\377\000T\000e\000o\000r\000e\000m\000a\000\040\000a\000\040\000p\000a\000g\000.\000\040\0001\0000}{section.4}% 19
\BOOKMARK [2][-]{subsection.4.4}{\376\377\000T\000e\000o\000r\000e\000m\000a\000\040\000a\000\040\000p\000a\000g\000.\000\040\0001\0000}{section.4}% 20
\BOOKMARK [2][-]{subsection.4.5}{\376\377\000T\000e\000o\000r\000e\000m\000a\000\040\000a\000\040\000p\000a\000g\000.\000\040\0001\0001}{section.4}% 21
\BOOKMARK [2][-]{subsection.4.6}{\376\377\000T\000e\000o\000r\000e\000m\000a\000\040\000a\000\040\000p\000a\000g\000.\000\040\0001\0001}{section.4}% 22
\BOOKMARK [2][-]{subsection.4.7}{\376\377\000T\000e\000o\000r\000e\000m\000a\000\040\000a\000\040\000p\000a\000g\000.\000\040\0001\0004}{section.4}% 23
\BOOKMARK [2][-]{subsection.4.8}{\376\377\000T\000e\000o\000r\000e\000m\000a\000\040\000a\000\040\000p\000a\000g\000.\000\040\0001\0004}{section.4}% 24
\BOOKMARK [2][-]{subsection.4.9}{\376\377\000T\000e\000o\000r\000e\000m\000a\000\040\000a\000\040\000p\000a\000g\000.\000\040\0002\0000}{section.4}% 25
\BOOKMARK [2][-]{subsection.4.10}{\376\377\000T\000e\000o\000r\000e\000m\000a\000\040\000a\000\040\000p\000a\000g\000.\000\040\0002\0001}{section.4}% 26
\BOOKMARK [2][-]{subsection.4.11}{\376\377\000T\000e\000o\000r\000e\000m\000a\000\040\000a\000\040\000p\000a\000g\000.\000\040\0002\0001}{section.4}% 27
\BOOKMARK [2][-]{subsection.4.12}{\376\377\000C\000o\000r\000o\000l\000l\000a\000r\000i\000o\000\040\000a\000\040\000p\000a\000g\000.\000\040\0002\0001}{section.4}% 28
\BOOKMARK [2][-]{subsection.4.13}{\376\377\000T\000e\000o\000r\000e\000m\000a\000\040\000a\000\040\000p\000a\000g\000.\000\040\0002\0003}{section.4}% 29
\BOOKMARK [2][-]{subsection.4.14}{\376\377\000T\000e\000o\000r\000e\000m\000a\000\040\000a\000\040\000p\000a\000g\000.\000\040\0002\0003}{section.4}% 30
\BOOKMARK [2][-]{subsection.4.15}{\376\377\000T\000e\000o\000r\000e\000m\000a\000\040\000a\000\040\000p\000a\000g\000.\000\040\0002\0003}{section.4}% 31
\BOOKMARK [2][-]{subsection.4.16}{\376\377\000T\000e\000o\000r\000e\000m\000a\000\040\000a\000\040\000p\000a\000g\000.\000\040\0002\0004}{section.4}% 32
\BOOKMARK [1][-]{section.5}{\376\377\000T\000e\000o\000r\000e\000m\000i\000\040\000D\000i\000s\000p\000e\000n\000s\000a\000\040\0009}{}% 33
\BOOKMARK [2][-]{subsection.5.1}{\376\377\000T\000e\000o\000r\000e\000m\000a\000\040\000a\000\040\000p\000a\000g\000.\000\040\0008}{section.5}% 34
\BOOKMARK [2][-]{subsection.5.2}{\376\377\000T\000e\000o\000r\000e\000m\000a\000\040\000a\000\040\000p\000a\000g\000.\000\040\0001\0004}{section.5}% 35
